#########
###ooo###
###ooo###
#ooooooo#
#ooo ooo#
#ooooooo#
###ooo###
###ooo###
#########

#########
###ooo###
###o o###
#ooo ooo#
#ooooooo#
#ooooooo#
###ooo###
###ooo###
#########

#########
###ooo###
###ooo###
#o   ooo#
#ooooooo#
#ooooooo#
###ooo###
###ooo###
#########

#########
### oo###
### oo###
#o o ooo#
#ooooooo#
#ooooooo#
###ooo###
###ooo###
#########

#########
###   ###
### oo###
#o o ooo#
#ooooooo#
#ooooooo#
###ooo###
###ooo###
#########

#########
###   ###
### oo###
#o   ooo#
#ooooooo#
#ooooooo#
###ooo###
###ooo###
#########

#########
###o  ###
### oo###
#    ooo#
#ooooooo#
#ooooooo#
###ooo###
###ooo###
#########

#########
###o  ###
### o ###
#     oo#
#ooooooo#
#ooooooo#
###ooo###
###ooo###
#########

#########
###o  ###
### o ###
#       #
#ooooooo#
#ooooooo#
###ooo###
###ooo###
#########

#########
###o  ###
### o ###
#  o    #
#oo oooo#
#ooooooo#
###ooo###
###ooo###
#########

#########
###   ###
### o ###
#  o    #
#oo oooo#
#ooooooo#
###ooo###
###ooo###
#########

#########
###o  ###
### o ###
#  o    #
#   oooo#
#ooooooo#
###ooo###
###ooo###
#########

#########
###o  ###
### o ###
#  o    #
#   oooo#
#ooooooo#
###ooo###
###ooo###
#########

#########
###o  ###
### o ###
#  o    #
#   o oo#
#ooooooo#
###ooo###
###ooo###
#########

#########
###o  ###
### o ###
#  o    #
#   o oo#
#ooooooo#
###ooo###
###ooo###
#########

#########
###o  ###
### o ###
#  o    #
#   o   #
#ooooooo#
###ooo###
###ooo###
#########

#########
###o  ###
### o ###
#  o    #
#   o   #
#ooooooo#
###ooo###
###ooo###
#########

#########
###o  ###
### o ###
#  o    #
#   o   #
#oo oooo#
### oo###
###ooo###
#########

#########
###o  ###
### o ###
#  o    #
#   o   #
#   oooo#
### oo###
###ooo###
#########

#########
###o  ###
### o ###
#  o    #
#   o   #
#   oooo#
### oo###
###ooo###
#########

#########
###o  ###
### o ###
#  o    #
#   o   #
#   oooo#
### oo###
###ooo###
#########

#########
###o  ###
### o ###
#  o o  #
#       #
#   oooo#
### oo###
###ooo###
#########

#########
###o  ###
### o ###
#  o o  #
#       #
#   oooo#
### oo###
###ooo###
#########

#########
###o  ###
### o ###
#  o    #
#       #
#   oooo#
### oo###
###ooo###
#########

#########
###o  ###
### o ###
#  o    #
#       #
#   oo  #
### oo###
###ooo###
#########

#########
###o  ###
### o ###
#  o    #
#     o #
#       #
### oo###
###ooo###
#########

#########
###o  ###
### o ###
#  o    #
#     o #
#    o  #
### o ###
###oo ###
#########

#########
###o  ###
### o ###
#  o    #
#     o #
#    o  #
### o ###
###oo ###
#########

#########
###o  ###
### o ###
#  o o  #
#     o #
#    o  #
### o ###
###   ###
#########

#########
###o  ###
### o ###
#  o o  #
#     o #
#    o  #
### o ###
###   ###
#########

#########
###o  ###
### o ###
#  o o  #
#     o #
#       #
### o ###
###   ###
#########

